<?xml version="1.0" encoding="UTF-8"?>
<testng-results ignored="0" total="2" passed="2" failed="0" skipped="0">
  <reporter-output>
  </reporter-output>
  <suite started-at="2022-04-05T15:45:39 IST" name="Suite" finished-at="2022-04-05T15:45:45 IST" duration-ms="5917">
    <groups>
    </groups>
    <test started-at="2022-04-05T15:45:39 IST" name="Test" finished-at="2022-04-05T15:45:45 IST" duration-ms="5917">
      <class name="testNG.DataProviderEx">
        <test-method signature="Parameter([Ljava.lang.String;)[pri:0, instance:testNG.DataProviderEx@f0da945]" started-at="2022-04-05T15:45:40 IST" name="Parameter" data-provider="test" finished-at="2022-04-05T15:45:43 IST" duration-ms="3052" status="PASS">
          <params>
            <param index="0">
              <value>
                <![CDATA[[Ljava.lang.String;@6f347d7]]>
              </value>
            </param>
          </params>
          <reporter-output>
          </reporter-output>
        </test-method> <!-- Parameter -->
        <test-method signature="Parameter([Ljava.lang.String;)[pri:0, instance:testNG.DataProviderEx@f0da945]" started-at="2022-04-05T15:45:43 IST" name="Parameter" data-provider="test" finished-at="2022-04-05T15:45:45 IST" duration-ms="2025" status="PASS">
          <params>
            <param index="0">
              <value>
                <![CDATA[[Ljava.lang.String;@5974b233]]>
              </value>
            </param>
          </params>
          <reporter-output>
          </reporter-output>
        </test-method> <!-- Parameter -->
      </class> <!-- testNG.DataProviderEx -->
    </test> <!-- Test -->
  </suite> <!-- Suite -->
</testng-results>
